20:24:58.713 [ATL-Logging-Thread] INFO  - Organising filesystem

20:24:58.751 [ATL-Logging-Thread] INFO  - ATLauncher Version: 3.4.40.4 [84f6433e172e79aeed22b72758751ed57da8304c]

20:24:58.755 [ATL-Logging-Thread] INFO  - App Arguments: ["--working-dir","**USERSDIR**","--no-launcher-update"]

20:24:58.757 [ATL-Logging-Thread] INFO  - JVM Arguments: []

20:24:58.759 [ATL-Logging-Thread] INFO  - Java Version: Java 21 (21.0.12)

20:24:58.761 [ATL-Logging-Thread] INFO  - 64 Bit Java: true

20:24:58.763 [ATL-Logging-Thread] INFO  - RAM Available: 15681MB

20:24:58.763 [ATL-Logging-Thread] INFO  - Launcher Directory: **USERSDIR**

20:24:58.792 [ATL-Logging-Thread] INFO  - GPU: unknown (unknown) unknown 0MB VRAM

20:24:58.901 [ATL-Logging-Thread] INFO  - CPU: 13th Gen Intel(R) Core(TM) i7-1360P 12 cores/16 threads

20:24:58.903 [ATL-Logging-Thread] INFO  - Operating System: NixOS (26.11 (Zokor) build 6.18.35)

20:24:58.904 [ATL-Logging-Thread] INFO  - Bitness: 64

20:24:58.905 [ATL-Logging-Thread] INFO  - Uptime: 121

20:24:58.906 [ATL-Logging-Thread] INFO  - Manufacturer: GNU/Linux

20:24:58.907 [ATL-Logging-Thread] INFO  - Showing splash screen and loading everything

20:24:58.908 [ATL-Logging-Thread] INFO  - Checking for updated files!

20:24:59.386 [ATL-Logging-Thread] INFO  - Launcher finished loading everything

20:24:59.390 [ATL-Logging-Thread] INFO  - Launcher opening

20:24:59.391 [ATL-Logging-Thread] INFO  - Made By Bob*

20:24:59.391 [ATL-Logging-Thread] INFO  - *(Not Actually)

20:24:59.392 [ATL-Logging-Thread] INFO  - Setting up Bottom Bar

20:24:59.415 [ATL-Logging-Thread] INFO  - Finished Setting up Bottom Bar

20:24:59.415 [ATL-Logging-Thread] INFO  - Setting up Tabs

20:24:59.485 [ATL-Logging-Thread] INFO  - Finished Setting up Tabs

20:24:59.486 [ATL-Logging-Thread] INFO  - Showing Launcher

20:24:59.537 [ATL-Logging-Thread] ERROR - Error on GraphQL query

20:24:59.537 [ATL-Logging-Thread] ERROR - com.apollographql.apollo.exception.ApolloHttpException: HTTP 403 Forbidden

20:24:59.538 [ATL-Logging-Thread] ERROR - 	at com.apollographql.apollo.internal.interceptor.ApolloParseInterceptor.parse(ApolloParseInterceptor.java:108)

20:24:59.538 [ATL-Logging-Thread] ERROR - 	at com.apollographql.apollo.internal.interceptor.ApolloParseInterceptor$1.onResponse(ApolloParseInterceptor.java:53)

20:24:59.541 [ATL-Logging-Thread] ERROR - 	at com.apollographql.apollo.internal.interceptor.ApolloServerInterceptor$executeHttpCall$1.onResponse(ApolloServerInterceptor.kt:114)

20:24:59.542 [ATL-Logging-Thread] ERROR - 	at okhttp3.internal.connection.RealCall$AsyncCall.run(RealCall.kt:519)

20:24:59.543 [ATL-Logging-Thread] ERROR - 	at java.base/java.util.concurrent.ThreadPoolExecutor.runWorker(ThreadPoolExecutor.java:1144)

20:24:59.545 [ATL-Logging-Thread] ERROR - 	at java.base/java.util.concurrent.ThreadPoolExecutor$Worker.run(ThreadPoolExecutor.java:642)

20:24:59.545 [ATL-Logging-Thread] ERROR - 	at java.base/java.lang.Thread.run(Thread.java:1583)

20:24:59.547 [ATL-Logging-Thread] ERROR - com.apollographql.apollo.exception.ApolloHttpException: HTTP 403 Forbidden
	at com.apollographql.apollo.internal.interceptor.ApolloParseInterceptor.parse(ApolloParseInterceptor.java:108)
	at com.apollographql.apollo.internal.interceptor.ApolloParseInterceptor$1.onResponse(ApolloParseInterceptor.java:53)
	at com.apollographql.apollo.internal.interceptor.ApolloServerInterceptor$executeHttpCall$1.onResponse(ApolloServerInterceptor.kt:114)
	at okhttp3.internal.connection.RealCall$AsyncCall.run(RealCall.kt:519)
	at java.base/java.util.concurrent.ThreadPoolExecutor.runWorker(ThreadPoolExecutor.java:1144)
	at java.base/java.util.concurrent.ThreadPoolExecutor$Worker.run(ThreadPoolExecutor.java:642)
	at java.base/java.lang.Thread.run(Thread.java:1583)

20:24:59.548 [ATL-Logging-Thread] ERROR - Error fetching news

20:24:59.551 [ATL-Logging-Thread] ERROR - com.apollographql.apollo.exception.ApolloHttpException: HTTP 403 Forbidden

20:24:59.552 [ATL-Logging-Thread] ERROR - 	at com.apollographql.apollo.internal.interceptor.ApolloParseInterceptor.parse(ApolloParseInterceptor.java:108)

20:24:59.553 [ATL-Logging-Thread] ERROR - 	at com.apollographql.apollo.internal.interceptor.ApolloParseInterceptor$1.onResponse(ApolloParseInterceptor.java:53)

20:24:59.554 [ATL-Logging-Thread] ERROR - 	at com.apollographql.apollo.internal.interceptor.ApolloServerInterceptor$executeHttpCall$1.onResponse(ApolloServerInterceptor.kt:114)

20:24:59.556 [ATL-Logging-Thread] ERROR - 	at okhttp3.internal.connection.RealCall$AsyncCall.run(RealCall.kt:519)

20:24:59.557 [ATL-Logging-Thread] ERROR - 	at java.base/java.util.concurrent.ThreadPoolExecutor.runWorker(ThreadPoolExecutor.java:1144)

20:24:59.558 [ATL-Logging-Thread] ERROR - 	at java.base/java.util.concurrent.ThreadPoolExecutor$Worker.run(ThreadPoolExecutor.java:642)

20:24:59.558 [ATL-Logging-Thread] ERROR - 	at java.base/java.lang.Thread.run(Thread.java:1583)

20:24:59.560 [ATL-Logging-Thread] ERROR - com.apollographql.apollo.exception.ApolloHttpException: HTTP 403 Forbidden
	at com.apollographql.apollo.internal.interceptor.ApolloParseInterceptor.parse(ApolloParseInterceptor.java:108)
	at com.apollographql.apollo.internal.interceptor.ApolloParseInterceptor$1.onResponse(ApolloParseInterceptor.java:53)
	at com.apollographql.apollo.internal.interceptor.ApolloServerInterceptor$executeHttpCall$1.onResponse(ApolloServerInterceptor.kt:114)
	at okhttp3.internal.connection.RealCall$AsyncCall.run(RealCall.kt:519)
	at java.base/java.util.concurrent.ThreadPoolExecutor.runWorker(ThreadPoolExecutor.java:1144)
	at java.base/java.util.concurrent.ThreadPoolExecutor$Worker.run(ThreadPoolExecutor.java:642)
	at java.base/java.lang.Thread.run(Thread.java:1583)

20:25:11.478 [ATL-Logging-Thread] ERROR - Error on GraphQL query

20:25:11.479 [ATL-Logging-Thread] ERROR - com.apollographql.apollo.exception.ApolloHttpException: HTTP 403 Forbidden

20:25:11.480 [ATL-Logging-Thread] ERROR - 	at com.apollographql.apollo.internal.interceptor.ApolloParseInterceptor.parse(ApolloParseInterceptor.java:108)

20:25:11.480 [ATL-Logging-Thread] ERROR - 	at com.apollographql.apollo.internal.interceptor.ApolloParseInterceptor$1.onResponse(ApolloParseInterceptor.java:53)

20:25:11.481 [ATL-Logging-Thread] ERROR - 	at com.apollographql.apollo.internal.interceptor.ApolloServerInterceptor$executeHttpCall$1.onResponse(ApolloServerInterceptor.kt:114)

20:25:11.481 [ATL-Logging-Thread] ERROR - 	at okhttp3.internal.connection.RealCall$AsyncCall.run(RealCall.kt:519)

20:25:11.482 [ATL-Logging-Thread] ERROR - 	at java.base/java.util.concurrent.ThreadPoolExecutor.runWorker(ThreadPoolExecutor.java:1144)

20:25:11.482 [ATL-Logging-Thread] ERROR - 	at java.base/java.util.concurrent.ThreadPoolExecutor$Worker.run(ThreadPoolExecutor.java:642)

20:25:11.482 [ATL-Logging-Thread] ERROR - 	at java.base/java.lang.Thread.run(Thread.java:1583)

20:25:11.486 [ATL-Logging-Thread] ERROR - com.apollographql.apollo.exception.ApolloHttpException: HTTP 403 Forbidden
	at com.apollographql.apollo.internal.interceptor.ApolloParseInterceptor.parse(ApolloParseInterceptor.java:108)
	at com.apollographql.apollo.internal.interceptor.ApolloParseInterceptor$1.onResponse(ApolloParseInterceptor.java:53)
	at com.apollographql.apollo.internal.interceptor.ApolloServerInterceptor$executeHttpCall$1.onResponse(ApolloServerInterceptor.kt:114)
	at okhttp3.internal.connection.RealCall$AsyncCall.run(RealCall.kt:519)
	at java.base/java.util.concurrent.ThreadPoolExecutor.runWorker(ThreadPoolExecutor.java:1144)
	at java.base/java.util.concurrent.ThreadPoolExecutor$Worker.run(ThreadPoolExecutor.java:642)
	at java.base/java.lang.Thread.run(Thread.java:1583)

20:25:17.257 [ATL-Logging-Thread] INFO  - Started install of All the Mods 10 - ATM10 version All the Mods 10-7.0

20:25:30.836 [ATL-Logging-Thread] ERROR - Error on GraphQL query

20:25:30.837 [ATL-Logging-Thread] ERROR - com.apollographql.apollo.exception.ApolloHttpException: HTTP 403 Forbidden

20:25:30.837 [ATL-Logging-Thread] ERROR - 	at com.apollographql.apollo.internal.interceptor.ApolloParseInterceptor.parse(ApolloParseInterceptor.java:108)

20:25:30.838 [ATL-Logging-Thread] ERROR - 	at com.apollographql.apollo.internal.interceptor.ApolloParseInterceptor$1.onResponse(ApolloParseInterceptor.java:53)

20:25:30.839 [ATL-Logging-Thread] ERROR - 	at com.apollographql.apollo.internal.interceptor.ApolloServerInterceptor$executeHttpCall$1.onResponse(ApolloServerInterceptor.kt:114)

20:25:30.841 [ATL-Logging-Thread] ERROR - 	at okhttp3.internal.connection.RealCall$AsyncCall.run(RealCall.kt:519)

20:25:30.843 [ATL-Logging-Thread] ERROR - 	at java.base/java.util.concurrent.ThreadPoolExecutor.runWorker(ThreadPoolExecutor.java:1144)

20:25:30.844 [ATL-Logging-Thread] ERROR - 	at java.base/java.util.concurrent.ThreadPoolExecutor$Worker.run(ThreadPoolExecutor.java:642)

20:25:30.846 [ATL-Logging-Thread] ERROR - 	at java.base/java.lang.Thread.run(Thread.java:1583)

20:25:30.846 [ATL-Logging-Thread] ERROR - com.apollographql.apollo.exception.ApolloHttpException: HTTP 403 Forbidden
	at com.apollographql.apollo.internal.interceptor.ApolloParseInterceptor.parse(ApolloParseInterceptor.java:108)
	at com.apollographql.apollo.internal.interceptor.ApolloParseInterceptor$1.onResponse(ApolloParseInterceptor.java:53)
	at com.apollographql.apollo.internal.interceptor.ApolloServerInterceptor$executeHttpCall$1.onResponse(ApolloServerInterceptor.kt:114)
	at okhttp3.internal.connection.RealCall$AsyncCall.run(RealCall.kt:519)
	at java.base/java.util.concurrent.ThreadPoolExecutor.runWorker(ThreadPoolExecutor.java:1144)
	at java.base/java.util.concurrent.ThreadPoolExecutor$Worker.run(ThreadPoolExecutor.java:642)
	at java.base/java.lang.Thread.run(Thread.java:1583)

20:25:30.848 [ATL-Logging-Thread] ERROR - java.lang.Exception: Failed to find loader version for 21.1.228

20:25:30.849 [ATL-Logging-Thread] ERROR - 	at com.atlauncher.workers.InstanceInstaller.generatePackVersionFromCurseForgeManifest(InstanceInstaller.java:734)

20:25:30.850 [ATL-Logging-Thread] ERROR - 	at com.atlauncher.workers.InstanceInstaller.generatePackVersionFromCurseForge(InstanceInstaller.java:979)

20:25:30.850 [ATL-Logging-Thread] ERROR - 	at com.atlauncher.workers.InstanceInstaller.doInBackground(InstanceInstaller.java:329)

20:25:30.851 [ATL-Logging-Thread] ERROR - 	at com.atlauncher.workers.InstanceInstaller.doInBackground(InstanceInstaller.java:155)

20:25:30.852 [ATL-Logging-Thread] ERROR - 	at java.desktop/javax.swing.SwingWorker$1.call(SwingWorker.java:305)

20:25:30.853 [ATL-Logging-Thread] ERROR - 	at java.base/java.util.concurrent.FutureTask.run(FutureTask.java:317)

20:25:30.853 [ATL-Logging-Thread] ERROR - 	at java.desktop/javax.swing.SwingWorker.run(SwingWorker.java:342)

20:25:30.854 [ATL-Logging-Thread] ERROR - 	at java.base/java.util.concurrent.ThreadPoolExecutor.runWorker(ThreadPoolExecutor.java:1144)

20:25:30.855 [ATL-Logging-Thread] ERROR - 	at java.base/java.util.concurrent.ThreadPoolExecutor$Worker.run(ThreadPoolExecutor.java:642)

20:25:30.856 [ATL-Logging-Thread] ERROR - 	at java.base/java.lang.Thread.run(Thread.java:1583)

20:25:30.857 [ATL-Logging-Thread] ERROR - java.lang.Exception: Failed to find loader version for 21.1.228
	at com.atlauncher.workers.InstanceInstaller.generatePackVersionFromCurseForgeManifest(InstanceInstaller.java:734)
	at com.atlauncher.workers.InstanceInstaller.generatePackVersionFromCurseForge(InstanceInstaller.java:979)
	at com.atlauncher.workers.InstanceInstaller.doInBackground(InstanceInstaller.java:329)
	at com.atlauncher.workers.InstanceInstaller.doInBackground(InstanceInstaller.java:155)
	at java.desktop/javax.swing.SwingWorker$1.call(SwingWorker.java:305)
	at java.base/java.util.concurrent.FutureTask.run(FutureTask.java:317)
	at java.desktop/javax.swing.SwingWorker.run(SwingWorker.java:342)
	at java.base/java.util.concurrent.ThreadPoolExecutor.runWorker(ThreadPoolExecutor.java:1144)
	at java.base/java.util.concurrent.ThreadPoolExecutor$Worker.run(ThreadPoolExecutor.java:642)
	at java.base/java.lang.Thread.run(Thread.java:1583)

20:25:34.748 [ATL-Logging-Thread] INFO  - Copied Log to clipboard

20:26:28.307 [ATL-Logging-Thread] INFO  - Started install of Fabulously Optimized version 13.2.2 for 26.1.2 (13.2.2)

20:26:28.760 [ATL-Logging-Thread] ERROR - Error on GraphQL query

20:26:28.760 [ATL-Logging-Thread] ERROR - com.apollographql.apollo.exception.ApolloHttpException: HTTP 403 Forbidden

20:26:28.760 [ATL-Logging-Thread] ERROR - 	at com.apollographql.apollo.internal.interceptor.ApolloParseInterceptor.parse(ApolloParseInterceptor.java:108)

20:26:28.760 [ATL-Logging-Thread] ERROR - 	at com.apollographql.apollo.internal.interceptor.ApolloParseInterceptor$1.onResponse(ApolloParseInterceptor.java:53)

20:26:28.761 [ATL-Logging-Thread] ERROR - 	at com.apollographql.apollo.internal.interceptor.ApolloServerInterceptor$executeHttpCall$1.onResponse(ApolloServerInterceptor.kt:114)

20:26:28.762 [ATL-Logging-Thread] ERROR - 	at okhttp3.internal.connection.RealCall$AsyncCall.run(RealCall.kt:519)

20:26:28.762 [ATL-Logging-Thread] ERROR - 	at java.base/java.util.concurrent.ThreadPoolExecutor.runWorker(ThreadPoolExecutor.java:1144)

20:26:28.762 [ATL-Logging-Thread] ERROR - 	at java.base/java.util.concurrent.ThreadPoolExecutor$Worker.run(ThreadPoolExecutor.java:642)

20:26:28.763 [ATL-Logging-Thread] ERROR - 	at java.base/java.lang.Thread.run(Thread.java:1583)

20:26:28.763 [ATL-Logging-Thread] ERROR - com.apollographql.apollo.exception.ApolloHttpException: HTTP 403 Forbidden
	at com.apollographql.apollo.internal.interceptor.ApolloParseInterceptor.parse(ApolloParseInterceptor.java:108)
	at com.apollographql.apollo.internal.interceptor.ApolloParseInterceptor$1.onResponse(ApolloParseInterceptor.java:53)
	at com.apollographql.apollo.internal.interceptor.ApolloServerInterceptor$executeHttpCall$1.onResponse(ApolloServerInterceptor.kt:114)
	at okhttp3.internal.connection.RealCall$AsyncCall.run(RealCall.kt:519)
	at java.base/java.util.concurrent.ThreadPoolExecutor.runWorker(ThreadPoolExecutor.java:1144)
	at java.base/java.util.concurrent.ThreadPoolExecutor$Worker.run(ThreadPoolExecutor.java:642)
	at java.base/java.lang.Thread.run(Thread.java:1583)

20:26:28.764 [ATL-Logging-Thread] ERROR - java.lang.NullPointerException: Cannot read field "mainClass" because "this.version" is null

20:26:28.764 [ATL-Logging-Thread] ERROR - 	at com.atlauncher.data.minecraft.loaders.fabric.FabricLoader.getMainClass(FabricLoader.java:125)

20:26:28.765 [ATL-Logging-Thread] ERROR - 	at com.atlauncher.workers.InstanceInstaller.determineMainClass(InstanceInstaller.java:2582)

20:26:28.765 [ATL-Logging-Thread] ERROR - 	at com.atlauncher.workers.InstanceInstaller.install(InstanceInstaller.java:2256)

20:26:28.766 [ATL-Logging-Thread] ERROR - 	at com.atlauncher.workers.InstanceInstaller.doInBackground(InstanceInstaller.java:385)

20:26:28.766 [ATL-Logging-Thread] ERROR - 	at com.atlauncher.workers.InstanceInstaller.doInBackground(InstanceInstaller.java:155)

20:26:28.767 [ATL-Logging-Thread] ERROR - 	at java.desktop/javax.swing.SwingWorker$1.call(SwingWorker.java:305)

20:26:28.767 [ATL-Logging-Thread] ERROR - 	at java.base/java.util.concurrent.FutureTask.run(FutureTask.java:317)

20:26:28.767 [ATL-Logging-Thread] ERROR - 	at java.desktop/javax.swing.SwingWorker.run(SwingWorker.java:342)

20:26:28.767 [ATL-Logging-Thread] ERROR - 	at java.base/java.util.concurrent.ThreadPoolExecutor.runWorker(ThreadPoolExecutor.java:1144)

20:26:28.768 [ATL-Logging-Thread] ERROR - 	at java.base/java.util.concurrent.ThreadPoolExecutor$Worker.run(ThreadPoolExecutor.java:642)

20:26:28.768 [ATL-Logging-Thread] ERROR - 	at java.base/java.lang.Thread.run(Thread.java:1583)

20:26:28.768 [ATL-Logging-Thread] ERROR - java.lang.NullPointerException: Cannot read field "mainClass" because "this.version" is null
	at com.atlauncher.data.minecraft.loaders.fabric.FabricLoader.getMainClass(FabricLoader.java:125)
	at com.atlauncher.workers.InstanceInstaller.determineMainClass(InstanceInstaller.java:2582)
	at com.atlauncher.workers.InstanceInstaller.install(InstanceInstaller.java:2256)
	at com.atlauncher.workers.InstanceInstaller.doInBackground(InstanceInstaller.java:385)
	at com.atlauncher.workers.InstanceInstaller.doInBackground(InstanceInstaller.java:155)
	at java.desktop/javax.swing.SwingWorker$1.call(SwingWorker.java:305)
	at java.base/java.util.concurrent.FutureTask.run(FutureTask.java:317)
	at java.desktop/javax.swing.SwingWorker.run(SwingWorker.java:342)
	at java.base/java.util.concurrent.ThreadPoolExecutor.runWorker(ThreadPoolExecutor.java:1144)
	at java.base/java.util.concurrent.ThreadPoolExecutor$Worker.run(ThreadPoolExecutor.java:642)
	at java.base/java.lang.Thread.run(Thread.java:1583)

20:26:31.979 [ATL-Logging-Thread] INFO  - Copied Log to clipboard

